<?xml version="1.0" encoding="UTF-8"?>
<!-- Generated by org.testng.reporters.JUnitReportReporter -->
<testsuite skipped="0" hostname="LAPTOP-20464U94" name="testNGDemo.TestNGDemoweek4" tests="3" failures="0" timestamp="24 Apr 2018 21:12:09 GMT" time="0.009" errors="0">
  <testcase name="searchairline" time="0.006" classname="testNGDemo.TestNGDemoweek4"/>
  <testcase name="buyticket" time="0.002" classname="testNGDemo.TestNGDemoweek4"/>
  <testcase name="buuCruiseTicket" time="0.001" classname="testNGDemo.TestNGDemoweek4"/>
</testsuite> <!-- testNGDemo.TestNGDemoweek4 -->
