<?xml version="1.0" encoding="UTF-8"?>
<!-- Generated by org.testng.reporters.JUnitReportReporter -->
<testsuite skipped="0" hostname="LAPTOP-20464U94" name="testNGDemo2.Zerobanking_ff" tests="1" failures="0" timestamp="02 Mar 2019 15:38:04 GMT" time="10.105" errors="0">
  <testcase name="login" time="10.105" classname="testNGDemo2.Zerobanking_ff"/>
</testsuite> <!-- testNGDemo2.Zerobanking_ff -->
