<?xml version="1.0" encoding="UTF-8"?>
<!-- Generated by org.testng.reporters.JUnitReportReporter -->
<testsuite skipped="0" hostname="LAPTOP-20464U94" name="testNGDemo.TestNG_DataProviders1" tests="3" failures="0" timestamp="29 Apr 2018 15:50:05 GMT" time="0.014" errors="0">
  <testcase name="testMethod1" time="0.004" classname="testNGDemo.TestNG_DataProviders1"/>
  <testcase name="testMethod1" time="0.001" classname="testNGDemo.TestNG_DataProviders1"/>
  <testcase name="testMethod1" time="0.009" classname="testNGDemo.TestNG_DataProviders1"/>
</testsuite> <!-- testNGDemo.TestNG_DataProviders1 -->
