<?xml version="1.0" encoding="UTF-8"?>
<!-- Generated by org.testng.reporters.JUnitReportReporter -->
<testsuite skipped="0" hostname="LAPTOP-20464U94" name="testNGDemo.TestNG_TestParameters" tests="1" failures="0" timestamp="29 Apr 2018 15:22:31 GMT" time="0.005" errors="0">
  <testcase name="testMethod" time="0.005" classname="testNGDemo.TestNG_TestParameters"/>
</testsuite> <!-- testNGDemo.TestNG_TestParameters -->
