<?xml version="1.0" encoding="UTF-8"?>
<!-- Generated by org.testng.reporters.JUnitReportReporter -->
<testsuite skipped="0" hostname="LAPTOP-20464U94" name="SeleniumAdvance.Calendar" tests="1" failures="0" timestamp="24 Oct 2017 17:58:55 GMT" time="4.487" errors="0">
  <testcase name="testcase2" time="4.487" classname="SeleniumAdvance.Calendar"/>
</testsuite> <!-- SeleniumAdvance.Calendar -->
