<?xml version="1.0" encoding="UTF-8"?>
<!-- Generated by org.testng.reporters.JUnitReportReporter -->
<testsuite skipped="0" hostname="LAPTOP-20464U94" name="testNGDemo.TestNG_crossBrowserTest" tests="3" failures="0" timestamp="29 Apr 2018 15:28:38 GMT" time="20.160" errors="0">
  <testcase name="login" time="4.755" classname="testNGDemo.TestNG_crossBrowserTest"/>
  <testcase name="login" time="10.362" classname="testNGDemo.TestNG_crossBrowserTest"/>
  <testcase name="login" time="5.043" classname="testNGDemo.TestNG_crossBrowserTest"/>
</testsuite> <!-- testNGDemo.TestNG_crossBrowserTest -->
