<?xml version="1.0" encoding="UTF-8"?>
<!-- Generated by org.testng.reporters.JUnitReportReporter -->
<testsuite skipped="0" hostname="LAPTOP-20464U94" name="testNGClassDemo.testClass_Preserve2" tests="2" failures="0" timestamp="24 Apr 2018 20:11:23 GMT" time="0.008" errors="0">
  <testcase name="testMethod1" time="0.005" classname="testNGClassDemo.testClass_Preserve2"/>
  <testcase name="testMethod2" time="0.003" classname="testNGClassDemo.testClass_Preserve2"/>
</testsuite> <!-- testNGClassDemo.testClass_Preserve2 -->
