<?xml version="1.0" encoding="UTF-8"?>
<!-- Generated by org.testng.reporters.JUnitReportReporter -->
<testsuite skipped="0" hostname="LAPTOP-20464U94" name="testNGDemo.TestClass2_preserve2" tests="2" failures="0" timestamp="29 Apr 2018 16:05:58 GMT" time="0.007" errors="0">
  <testcase name="testMethod2" time="0.003" classname="testNGDemo.TestClass2_preserve2"/>
  <testcase name="testMethod1" time="0.004" classname="testNGDemo.TestClass2_preserve2"/>
</testsuite> <!-- testNGDemo.TestClass2_preserve2 -->
