<?xml version="1.0" encoding="UTF-8"?>
<!-- Generated by org.testng.reporters.JUnitReportReporter -->
<testsuite skipped="0" hostname="NPRAJ" name="testNGDemo.Paralleltest1" tests="2" failures="0" timestamp="19 Oct 2017 03:05:34 GMT" time="8.055" errors="0">
  <testcase name="testMethod1" time="4.032" classname="testNGDemo.Paralleltest1"/>
  <testcase name="testMethod2" time="4.023" classname="testNGDemo.Paralleltest1"/>
</testsuite> <!-- testNGDemo.Paralleltest1 -->
