<?xml version="1.0" encoding="UTF-8"?>
<!-- Generated by org.testng.reporters.JUnitReportReporter -->
<testsuite hostname="NPRAJ" name="testNGDemo.test" tests="3" failures="0" timestamp="3 Jun 2017 17:19:59 GMT" time="15.069" errors="0">
  <testcase name="login" time="6.551" classname="testNGDemo.test"/>
  <testcase name="login" time="5.457" classname="testNGDemo.test"/>
  <testcase name="login" time="3.061" classname="testNGDemo.test"/>
</testsuite> <!-- testNGDemo.test -->
