<?xml version="1.0" encoding="UTF-8"?>
<!-- Generated by org.testng.reporters.JUnitReportReporter -->
<testsuite skipped="0" hostname="LAPTOP-20464U94" name="testNGDemo.TestClass1" tests="2" failures="0" timestamp="24 Jan 2019 00:23:45 GMT" time="0.018" errors="0">
  <testcase name="testMethod1" time="0.014" classname="testNGDemo.TestClass1"/>
  <testcase name="testMethod2" time="0.004" classname="testNGDemo.TestClass1"/>
</testsuite> <!-- testNGDemo.TestClass1 -->
