<?xml version="1.0" encoding="UTF-8"?>
<!-- Generated by org.testng.reporters.JUnitReportReporter -->
<testsuite skipped="0" hostname="LAPTOP-20464U94" name="testNGClassDemo.testClass_Preserve1" tests="2" failures="0" timestamp="24 Apr 2018 20:11:23 GMT" time="0.004" errors="0">
  <testcase name="testMethod2" time="0.002" classname="testNGClassDemo.testClass_Preserve1"/>
  <testcase name="testMethod1" time="0.002" classname="testNGClassDemo.testClass_Preserve1"/>
</testsuite> <!-- testNGClassDemo.testClass_Preserve1 -->
