<?xml version="1.0" encoding="UTF-8"?>
<!-- Generated by org.testng.reporters.JUnitReportReporter -->
<testsuite skipped="0" hostname="LAPTOP-20464U94" name="testNGDemo.TestClass1_preserve1" tests="2" failures="0" timestamp="24 Jan 2019 00:23:35 GMT" time="0.046" errors="0">
  <testcase name="testMethod1" time="0.026" classname="testNGDemo.TestClass1_preserve1"/>
  <testcase name="testMethod2" time="0.020" classname="testNGDemo.TestClass1_preserve1"/>
</testsuite> <!-- testNGDemo.TestClass1_preserve1 -->
