<?xml version="1.0" encoding="UTF-8"?>
<!-- Generated by org.testng.reporters.JUnitReportReporter -->
<testsuite skipped="0" hostname="LAPTOP-20464U94" name="testNGClassDemo.testClass2" tests="2" failures="0" timestamp="24 Apr 2018 20:18:25 GMT" time="0.004" errors="0">
  <testcase name="testMethod2" time="0.001" classname="testNGClassDemo.testClass2"/>
  <testcase name="testMethod1" time="0.003" classname="testNGClassDemo.testClass2"/>
</testsuite> <!-- testNGClassDemo.testClass2 -->
