<?xml version="1.0" encoding="UTF-8"?>
<!-- Generated by org.testng.reporters.JUnitReportReporter -->
<testsuite skipped="1" hostname="LAPTOP-20464U94" name="testNGDemo.TestNGDemo_priority" tests="2" failures="0" timestamp="28 Apr 2018 18:42:23 GMT" time="0.001" errors="0">
  <testcase name="login" time="0.001" classname="testNGDemo.TestNGDemo_priority"/>
  <testcase name="purticketOneway" classname="testNGDemo.TestNGDemo_priority">
    <skipped/>
  </testcase> <!-- purticketOneway -->
</testsuite> <!-- testNGDemo.TestNGDemo_priority -->
