<?xml version="1.0" encoding="UTF-8"?>
<!-- Generated by org.testng.reporters.JUnitReportReporter -->
<testsuite skipped="0" hostname="LAPTOP-20464U94" name="regressionsuite.TestClass1" tests="2" failures="0" timestamp="28 Apr 2018 18:49:31 GMT" time="0.009" errors="0">
  <testcase name="testMethod1" time="0.006" classname="regressionsuite.TestClass1"/>
  <testcase name="testMethod2" time="0.003" classname="regressionsuite.TestClass1"/>
</testsuite> <!-- regressionsuite.TestClass1 -->
