<?xml version="1.0" encoding="UTF-8"?>
<!-- Generated by org.testng.reporters.JUnitReportReporter -->
<testsuite skipped="0" hostname="NPRAJ" name="testNGDemo.Paralleltest2" tests="2" failures="0" timestamp="19 Oct 2017 03:05:34 GMT" time="8.061" errors="0">
  <testcase name="testMethod2" time="4.029" classname="testNGDemo.Paralleltest2"/>
  <testcase name="testMethod1" time="4.032" classname="testNGDemo.Paralleltest2"/>
</testsuite> <!-- testNGDemo.Paralleltest2 -->
