<?xml version="1.0" encoding="UTF-8"?>
<!-- Generated by org.testng.reporters.JUnitReportReporter -->
<testsuite skipped="0" hostname="LAPTOP-20464U94" name="testNGDemo.TestNG_paralleltestA" tests="2" failures="0" timestamp="29 Apr 2018 15:36:15 GMT" time="8.018" errors="0">
  <testcase name="testMethod1" time="4.014" classname="testNGDemo.TestNG_paralleltestA"/>
  <testcase name="testMethod2" time="4.004" classname="testNGDemo.TestNG_paralleltestA"/>
</testsuite> <!-- testNGDemo.TestNG_paralleltestA -->
