<?xml version="1.0" encoding="UTF-8"?>
<!-- Generated by org.testng.reporters.JUnitReportReporter -->
<testsuite skipped="0" hostname="LAPTOP-20464U94" name="testNGDemo.groupingTestNG" tests="1" failures="0" timestamp="24 Apr 2018 19:28:21 GMT" time="0.007" errors="0">
  <testcase name="test3" time="0.007" classname="testNGDemo.groupingTestNG"/>
</testsuite> <!-- testNGDemo.groupingTestNG -->
