<?xml version="1.0" encoding="UTF-8"?>
<!-- Generated by org.testng.reporters.JUnitReportReporter -->
<testsuite skipped="0" hostname="LAPTOP-20464U94" name="testNGDemo.TestNG_DataProviders2" tests="3" failures="0" timestamp="28 Apr 2018 18:42:24 GMT" time="0.006" errors="0">
  <testcase name="testMethod" time="0.002" classname="testNGDemo.TestNG_DataProviders2"/>
  <testcase name="testMethod" time="0.001" classname="testNGDemo.TestNG_DataProviders2"/>
  <testcase name="testMethod" time="0.003" classname="testNGDemo.TestNG_DataProviders2"/>
</testsuite> <!-- testNGDemo.TestNG_DataProviders2 -->
