<?xml version="1.0" encoding="UTF-8"?>
<!-- Generated by org.testng.reporters.JUnitReportReporter -->
<testsuite skipped="0" hostname="LAPTOP-20464U94" name="testNGDemo.TestNG_group" tests="3" failures="0" timestamp="28 Apr 2018 18:42:23 GMT" time="0.006" errors="0">
  <testcase name="test1" time="0.002" classname="testNGDemo.TestNG_group"/>
  <testcase name="test2" time="0.002" classname="testNGDemo.TestNG_group"/>
  <testcase name="test3" time="0.002" classname="testNGDemo.TestNG_group"/>
</testsuite> <!-- testNGDemo.TestNG_group -->
