<?xml version="1.0" encoding="UTF-8"?>
<!-- Generated by org.testng.reporters.JUnitReportReporter -->
<testsuite skipped="0" hostname="LAPTOP-20464U94" name="testNGDemo.TestNG_paralleltestB" tests="2" failures="0" timestamp="29 Apr 2018 15:36:15 GMT" time="8.037" errors="0">
  <testcase name="testMethod1" time="4.013" classname="testNGDemo.TestNG_paralleltestB"/>
  <testcase name="testMethod2" time="4.024" classname="testNGDemo.TestNG_paralleltestB"/>
</testsuite> <!-- testNGDemo.TestNG_paralleltestB -->
