<?xml version="1.0" encoding="UTF-8"?>
<!-- Generated by org.testng.reporters.JUnitReportReporter -->
<testsuite skipped="0" hostname="LAPTOP-20464U94" name="testNGDemo.ClassDemo" tests="3" failures="0" timestamp="23 Feb 2019 19:13:16 GMT" time="0.019" errors="0">
  <testcase name="testMethod2" time="0.006" classname="testNGDemo.ClassDemo"/>
  <testcase name="testMethod3" time="0.005" classname="testNGDemo.ClassDemo"/>
  <testcase name="testMethod1" time="0.008" classname="testNGDemo.ClassDemo"/>
</testsuite> <!-- testNGDemo.ClassDemo -->
