<?xml version="1.0" encoding="UTF-8"?>
<!-- Generated by org.testng.reporters.JUnitReportReporter -->
<testsuite skipped="0" hostname="LAPTOP-20464U94" name="testNGDemo.multipleBrowser" tests="1" failures="0" timestamp="03 Nov 2017 15:12:48 GMT" time="8.040" errors="0">
  <testcase name="bookFlight" time="8.040" classname="testNGDemo.multipleBrowser"/>
</testsuite> <!-- testNGDemo.multipleBrowser -->
