<?xml version="1.0" encoding="UTF-8"?>
<!-- Generated by org.testng.reporters.JUnitReportReporter -->
<testsuite skipped="0" hostname="LAPTOP-20464U94" name="testNGDemo.DataProviders" tests="3" failures="0" timestamp="27 Oct 2017 23:45:13 GMT" time="0.014" errors="0">
  <testcase name="testMethod" time="0.001" classname="testNGDemo.DataProviders"/>
  <testcase name="testMethod" time="0.011" classname="testNGDemo.DataProviders"/>
  <testcase name="testMethod" time="0.002" classname="testNGDemo.DataProviders"/>
</testsuite> <!-- testNGDemo.DataProviders -->
