<?xml version="1.0" encoding="UTF-8"?>
<!-- Generated by org.testng.reporters.JUnitReportReporter -->
<testsuite hostname="NPRAJ" name="mercurytours.buyaticket" tests="1" failures="0" timestamp="1 Jun 2017 00:19:54 GMT" time="35.893" errors="0">
  <testcase name="ticketpurchase" time="35.893" classname="mercurytours.buyaticket"/>
</testsuite> <!-- mercurytours.buyaticket -->
