<?xml version="1.0" encoding="UTF-8"?>
<!-- Generated by org.testng.reporters.JUnitReportReporter -->
<testsuite skipped="0" hostname="NPRAJ" name="testNGDemo.Parameter" tests="1" failures="0" timestamp="19 Oct 2017 02:41:48 GMT" time="0.037" errors="0">
  <testcase name="testMethod" time="0.037" classname="testNGDemo.Parameter"/>
</testsuite> <!-- testNGDemo.Parameter -->
