<?xml version="1.0" encoding="UTF-8"?>
<!-- Generated by org.testng.reporters.JUnitReportReporter -->
<testsuite skipped="0" hostname="LAPTOP-20464U94" name="testNGDemo.TestNG_paralleltest2" tests="2" failures="0" timestamp="24 Apr 2018 22:10:43 GMT" time="8.010" errors="0">
  <testcase name="testMethod1" time="4.003" classname="testNGDemo.TestNG_paralleltest2"/>
  <testcase name="testMethod2" time="4.007" classname="testNGDemo.TestNG_paralleltest2"/>
</testsuite> <!-- testNGDemo.TestNG_paralleltest2 -->
