<?xml version="1.0" encoding="UTF-8"?>
<!-- Generated by org.testng.reporters.JUnitReportReporter -->
<testsuite skipped="1" hostname="LAPTOP-20464U94" name="testNGDemo.prioritizeTestNG" tests="4" failures="0" timestamp="24 Apr 2018 19:04:02 GMT" time="0.013" errors="0">
  <testcase name="login" time="0.008" classname="testNGDemo.prioritizeTestNG"/>
  <testcase name="verifypageTitle" time="0.004" classname="testNGDemo.prioritizeTestNG"/>
  <testcase name="purticketRoundtrip" time="0.001" classname="testNGDemo.prioritizeTestNG"/>
  <testcase name="purticketOneway" classname="testNGDemo.prioritizeTestNG">
    <skipped/>
  </testcase> <!-- purticketOneway -->
</testsuite> <!-- testNGDemo.prioritizeTestNG -->
