<?xml version="1.0" encoding="UTF-8"?>
<!-- Generated by org.testng.reporters.JUnitReportReporter -->
<testsuite skipped="0" hostname="LAPTOP-20464U94" name="testNGDemo.TestClass2" tests="2" failures="0" timestamp="28 Apr 2018 18:42:24 GMT" time="0.002" errors="0">
  <testcase name="testMethod2" time="0.000" classname="testNGDemo.TestClass2"/>
  <testcase name="testMethod1" time="0.002" classname="testNGDemo.TestClass2"/>
</testsuite> <!-- testNGDemo.TestClass2 -->
