<?xml version="1.0" encoding="UTF-8"?>
<!-- Generated by org.testng.reporters.JUnitReportReporter -->
<testsuite skipped="0" hostname="LAPTOP-20464U94" name="testNGDemo.crossBrowserTesting" tests="3" failures="0" timestamp="03 Nov 2017 15:03:43 GMT" time="17.545" errors="0">
  <testcase name="login" time="5.417" classname="testNGDemo.crossBrowserTesting"/>
  <testcase name="login" time="6.192" classname="testNGDemo.crossBrowserTesting"/>
  <testcase name="login" time="5.936" classname="testNGDemo.crossBrowserTesting"/>
</testsuite> <!-- testNGDemo.crossBrowserTesting -->
